ERROR - 2021-12-25 00:12:00 --> Unknown table 'blankpage.menufronts'
ERROR - 2021-12-25 00:12:10 --> Unknown table 'blankpage.menufronts'
CRITICAL - 2021-12-25 04:49:43 --> Allowed fields must be specified for model: App\Models\MenuFront
#0 C:\laragon\www\blankpage\system\BaseModel.php(1138): CodeIgniter\Database\Exceptions\DataException::forInvalidAllowedFields('App\\Models\\Menu...')
#1 C:\laragon\www\blankpage\system\BaseModel.php(713): CodeIgniter\BaseModel->doProtectFields(Array)
#2 C:\laragon\www\blankpage\system\Model.php(620): CodeIgniter\BaseModel->insert(Array, true)
#3 C:\laragon\www\blankpage\app\Controllers\Investors.php(38): CodeIgniter\Model->insert(Array)
#4 C:\laragon\www\blankpage\system\CodeIgniter.php(824): App\Controllers\Investors->menu_add_action('$1')
#5 C:\laragon\www\blankpage\system\CodeIgniter.php(410): CodeIgniter\CodeIgniter->runController(Object(App\Controllers\Investors))
#6 C:\laragon\www\blankpage\system\CodeIgniter.php(318): CodeIgniter\CodeIgniter->handleRequest(NULL, Object(Config\Cache), false)
#7 C:\laragon\www\blankpage\public\index.php(37): CodeIgniter\CodeIgniter->run()
#8 C:\laragon\www\blankpage\system\Commands\Server\rewrite.php(43): require_once('C:\\laragon\\www\\...')
#9 {main}
CRITICAL - 2021-12-25 04:50:10 --> There is no data to insert.
#0 C:\laragon\www\blankpage\system\BaseModel.php(718): CodeIgniter\Database\Exceptions\DataException::forEmptyDataset('insert')
#1 C:\laragon\www\blankpage\system\Model.php(620): CodeIgniter\BaseModel->insert(Array, true)
#2 C:\laragon\www\blankpage\app\Controllers\Investors.php(38): CodeIgniter\Model->insert(Array)
#3 C:\laragon\www\blankpage\system\CodeIgniter.php(824): App\Controllers\Investors->menu_add_action('$1')
#4 C:\laragon\www\blankpage\system\CodeIgniter.php(410): CodeIgniter\CodeIgniter->runController(Object(App\Controllers\Investors))
#5 C:\laragon\www\blankpage\system\CodeIgniter.php(318): CodeIgniter\CodeIgniter->handleRequest(NULL, Object(Config\Cache), false)
#6 C:\laragon\www\blankpage\public\index.php(37): CodeIgniter\CodeIgniter->run()
#7 C:\laragon\www\blankpage\system\Commands\Server\rewrite.php(43): require_once('C:\\laragon\\www\\...')
#8 {main}
CRITICAL - 2021-12-25 04:52:51 --> There is no data to insert.
#0 C:\laragon\www\blankpage\system\BaseModel.php(718): CodeIgniter\Database\Exceptions\DataException::forEmptyDataset('insert')
#1 C:\laragon\www\blankpage\system\Model.php(620): CodeIgniter\BaseModel->insert(Array, true)
#2 C:\laragon\www\blankpage\app\Controllers\Investors.php(38): CodeIgniter\Model->insert(Array)
#3 C:\laragon\www\blankpage\system\CodeIgniter.php(824): App\Controllers\Investors->menu_add_action('$1')
#4 C:\laragon\www\blankpage\system\CodeIgniter.php(410): CodeIgniter\CodeIgniter->runController(Object(App\Controllers\Investors))
#5 C:\laragon\www\blankpage\system\CodeIgniter.php(318): CodeIgniter\CodeIgniter->handleRequest(NULL, Object(Config\Cache), false)
#6 C:\laragon\www\blankpage\public\index.php(37): CodeIgniter\CodeIgniter->run()
#7 C:\laragon\www\blankpage\system\Commands\Server\rewrite.php(43): require_once('C:\\laragon\\www\\...')
#8 {main}
CRITICAL - 2021-12-25 04:56:38 --> There is no data to insert.
#0 C:\laragon\www\blankpage\system\BaseModel.php(718): CodeIgniter\Database\Exceptions\DataException::forEmptyDataset('insert')
#1 C:\laragon\www\blankpage\system\Model.php(620): CodeIgniter\BaseModel->insert(Array, true)
#2 C:\laragon\www\blankpage\app\Controllers\Investors.php(38): CodeIgniter\Model->insert(Array)
#3 C:\laragon\www\blankpage\system\CodeIgniter.php(824): App\Controllers\Investors->menu_add_action('$1')
#4 C:\laragon\www\blankpage\system\CodeIgniter.php(410): CodeIgniter\CodeIgniter->runController(Object(App\Controllers\Investors))
#5 C:\laragon\www\blankpage\system\CodeIgniter.php(318): CodeIgniter\CodeIgniter->handleRequest(NULL, Object(Config\Cache), false)
#6 C:\laragon\www\blankpage\public\index.php(37): CodeIgniter\CodeIgniter->run()
#7 C:\laragon\www\blankpage\system\Commands\Server\rewrite.php(43): require_once('C:\\laragon\\www\\...')
#8 {main}
CRITICAL - 2021-12-25 04:56:55 --> There is no data to insert.
#0 C:\laragon\www\blankpage\system\BaseModel.php(718): CodeIgniter\Database\Exceptions\DataException::forEmptyDataset('insert')
#1 C:\laragon\www\blankpage\system\Model.php(620): CodeIgniter\BaseModel->insert(Array, true)
#2 C:\laragon\www\blankpage\app\Controllers\Investors.php(38): CodeIgniter\Model->insert(Array)
#3 C:\laragon\www\blankpage\system\CodeIgniter.php(824): App\Controllers\Investors->menu_add_action('$1')
#4 C:\laragon\www\blankpage\system\CodeIgniter.php(410): CodeIgniter\CodeIgniter->runController(Object(App\Controllers\Investors))
#5 C:\laragon\www\blankpage\system\CodeIgniter.php(318): CodeIgniter\CodeIgniter->handleRequest(NULL, Object(Config\Cache), false)
#6 C:\laragon\www\blankpage\public\index.php(37): CodeIgniter\CodeIgniter->run()
#7 C:\laragon\www\blankpage\system\Commands\Server\rewrite.php(43): require_once('C:\\laragon\\www\\...')
#8 {main}
CRITICAL - 2021-12-25 04:57:14 --> There is no data to insert.
#0 C:\laragon\www\blankpage\system\BaseModel.php(718): CodeIgniter\Database\Exceptions\DataException::forEmptyDataset('insert')
#1 C:\laragon\www\blankpage\system\Model.php(620): CodeIgniter\BaseModel->insert(Array, true)
#2 C:\laragon\www\blankpage\app\Controllers\Investors.php(38): CodeIgniter\Model->insert(Array)
#3 C:\laragon\www\blankpage\system\CodeIgniter.php(824): App\Controllers\Investors->menu_add_action()
#4 C:\laragon\www\blankpage\system\CodeIgniter.php(410): CodeIgniter\CodeIgniter->runController(Object(App\Controllers\Investors))
#5 C:\laragon\www\blankpage\system\CodeIgniter.php(318): CodeIgniter\CodeIgniter->handleRequest(NULL, Object(Config\Cache), false)
#6 C:\laragon\www\blankpage\public\index.php(37): CodeIgniter\CodeIgniter->run()
#7 C:\laragon\www\blankpage\system\Commands\Server\rewrite.php(43): require_once('C:\\laragon\\www\\...')
#8 {main}
CRITICAL - 2021-12-25 04:57:31 --> Array to string conversion
#0 C:\laragon\www\blankpage\app\Controllers\Investors.php(37): CodeIgniter\Debug\Exceptions->errorHandler(8, 'Array to string...', 'C:\\laragon\\www\\...', 37, Array)
#1 C:\laragon\www\blankpage\system\CodeIgniter.php(824): App\Controllers\Investors->menu_add_action()
#2 C:\laragon\www\blankpage\system\CodeIgniter.php(410): CodeIgniter\CodeIgniter->runController(Object(App\Controllers\Investors))
#3 C:\laragon\www\blankpage\system\CodeIgniter.php(318): CodeIgniter\CodeIgniter->handleRequest(NULL, Object(Config\Cache), false)
#4 C:\laragon\www\blankpage\public\index.php(37): CodeIgniter\CodeIgniter->run()
#5 C:\laragon\www\blankpage\system\Commands\Server\rewrite.php(43): require_once('C:\\laragon\\www\\...')
#6 {main}
CRITICAL - 2021-12-25 04:58:08 --> There is no data to insert.
#0 C:\laragon\www\blankpage\system\BaseModel.php(718): CodeIgniter\Database\Exceptions\DataException::forEmptyDataset('insert')
#1 C:\laragon\www\blankpage\system\Model.php(620): CodeIgniter\BaseModel->insert(Array, true)
#2 C:\laragon\www\blankpage\app\Controllers\Investors.php(38): CodeIgniter\Model->insert(Array)
#3 C:\laragon\www\blankpage\system\CodeIgniter.php(824): App\Controllers\Investors->menu_add_action()
#4 C:\laragon\www\blankpage\system\CodeIgniter.php(410): CodeIgniter\CodeIgniter->runController(Object(App\Controllers\Investors))
#5 C:\laragon\www\blankpage\system\CodeIgniter.php(318): CodeIgniter\CodeIgniter->handleRequest(NULL, Object(Config\Cache), false)
#6 C:\laragon\www\blankpage\public\index.php(37): CodeIgniter\CodeIgniter->run()
#7 C:\laragon\www\blankpage\system\Commands\Server\rewrite.php(43): require_once('C:\\laragon\\www\\...')
#8 {main}
CRITICAL - 2021-12-25 05:05:31 --> Undefined variable: _SESSION
#0 C:\laragon\www\blankpage\app\Views\investors\admin_menu_list.php(7): CodeIgniter\Debug\Exceptions->errorHandler(8, 'Undefined varia...', 'C:\\laragon\\www\\...', 7, Array)
#1 C:\laragon\www\blankpage\system\View\View.php(214): include('C:\\laragon\\www\\...')
#2 C:\laragon\www\blankpage\system\View\View.php(217): CodeIgniter\View\View->CodeIgniter\View\{closure}()
#3 C:\laragon\www\blankpage\system\Common.php(1097): CodeIgniter\View\View->render('investors/admin...', Array, true)
#4 C:\laragon\www\blankpage\app\Controllers\Investors.php(29): view('investors/admin...', Array)
#5 C:\laragon\www\blankpage\system\CodeIgniter.php(824): App\Controllers\Investors->menu_list()
#6 C:\laragon\www\blankpage\system\CodeIgniter.php(410): CodeIgniter\CodeIgniter->runController(Object(App\Controllers\Investors))
#7 C:\laragon\www\blankpage\system\CodeIgniter.php(318): CodeIgniter\CodeIgniter->handleRequest(NULL, Object(Config\Cache), false)
#8 C:\laragon\www\blankpage\public\index.php(37): CodeIgniter\CodeIgniter->run()
#9 C:\laragon\www\blankpage\system\Commands\Server\rewrite.php(43): require_once('C:\\laragon\\www\\...')
#10 {main}
CRITICAL - 2021-12-25 09:41:28 --> Trying to get property 'id' of non-object
#0 C:\laragon\www\blankpage\app\Views\investors\admin_menu_form.php(7): CodeIgniter\Debug\Exceptions->errorHandler(8, 'Trying to get p...', 'C:\\laragon\\www\\...', 7, Array)
#1 C:\laragon\www\blankpage\system\View\View.php(214): include('C:\\laragon\\www\\...')
#2 C:\laragon\www\blankpage\system\View\View.php(217): CodeIgniter\View\View->CodeIgniter\View\{closure}()
#3 C:\laragon\www\blankpage\system\Common.php(1097): CodeIgniter\View\View->render('investors/admin...', Array, true)
#4 C:\laragon\www\blankpage\app\Controllers\Investors.php(39): view('investors/admin...', Array)
#5 C:\laragon\www\blankpage\system\CodeIgniter.php(824): App\Controllers\Investors->menu_edit('2')
#6 C:\laragon\www\blankpage\system\CodeIgniter.php(410): CodeIgniter\CodeIgniter->runController(Object(App\Controllers\Investors))
#7 C:\laragon\www\blankpage\system\CodeIgniter.php(318): CodeIgniter\CodeIgniter->handleRequest(NULL, Object(Config\Cache), false)
#8 C:\laragon\www\blankpage\public\index.php(37): CodeIgniter\CodeIgniter->run()
#9 C:\laragon\www\blankpage\system\Commands\Server\rewrite.php(43): require_once('C:\\laragon\\www\\...')
#10 {main}
CRITICAL - 2021-12-25 10:08:43 --> Return value of CodeIgniter\BaseModel::transformDataToArray() must be of the type array, string returned
#0 C:\laragon\www\blankpage\system\BaseModel.php(832): CodeIgniter\BaseModel->transformDataToArray('Menu Edit', 'update')
#1 C:\laragon\www\blankpage\system\Model.php(646): CodeIgniter\BaseModel->update(Array, 'Menu Edit')
#2 C:\laragon\www\blankpage\app\Controllers\Investors.php(50): CodeIgniter\Model->update('1', 'Menu Edit')
#3 C:\laragon\www\blankpage\system\CodeIgniter.php(824): App\Controllers\Investors->menu_edit_action()
#4 C:\laragon\www\blankpage\system\CodeIgniter.php(410): CodeIgniter\CodeIgniter->runController(Object(App\Controllers\Investors))
#5 C:\laragon\www\blankpage\system\CodeIgniter.php(318): CodeIgniter\CodeIgniter->handleRequest(NULL, Object(Config\Cache), false)
#6 C:\laragon\www\blankpage\public\index.php(37): CodeIgniter\CodeIgniter->run()
#7 C:\laragon\www\blankpage\system\Commands\Server\rewrite.php(43): require_once('C:\\laragon\\www\\...')
#8 {main}
CRITICAL - 2021-12-25 10:09:15 --> syntax error, unexpected ','
#0 C:\laragon\www\blankpage\system\Autoloader\Autoloader.php(241): CodeIgniter\Autoloader\Autoloader->includeFile('C:\\laragon\\www\\...')
#1 C:\laragon\www\blankpage\system\Autoloader\Autoloader.php(219): CodeIgniter\Autoloader\Autoloader->loadInNamespace('App\\Controllers...')
#2 [internal function]: CodeIgniter\Autoloader\Autoloader->loadClass('App\\Controllers...')
#3 [internal function]: spl_autoload_call('App\\Controllers...')
#4 C:\laragon\www\blankpage\system\CodeIgniter.php(789): class_exists('\\App\\Controller...', true)
#5 C:\laragon\www\blankpage\system\CodeIgniter.php(397): CodeIgniter\CodeIgniter->startController()
#6 C:\laragon\www\blankpage\system\CodeIgniter.php(318): CodeIgniter\CodeIgniter->handleRequest(NULL, Object(Config\Cache), false)
#7 C:\laragon\www\blankpage\public\index.php(37): CodeIgniter\CodeIgniter->run()
#8 C:\laragon\www\blankpage\system\Commands\Server\rewrite.php(43): require_once('C:\\laragon\\www\\...')
#9 {main}
CRITICAL - 2021-12-25 11:05:52 --> Undefined variable: menu_id
#0 C:\laragon\www\blankpage\app\Views\investors\index.php(53): CodeIgniter\Debug\Exceptions->errorHandler(8, 'Undefined varia...', 'C:\\laragon\\www\\...', 53, Array)
#1 C:\laragon\www\blankpage\system\View\View.php(214): include('C:\\laragon\\www\\...')
#2 C:\laragon\www\blankpage\system\View\View.php(217): CodeIgniter\View\View->CodeIgniter\View\{closure}()
#3 C:\laragon\www\blankpage\system\Common.php(1097): CodeIgniter\View\View->render('investors/index', Array, true)
#4 C:\laragon\www\blankpage\app\Controllers\Investors.php(15): view('investors/index', Array)
#5 C:\laragon\www\blankpage\system\CodeIgniter.php(824): App\Controllers\Investors->index()
#6 C:\laragon\www\blankpage\system\CodeIgniter.php(410): CodeIgniter\CodeIgniter->runController(Object(App\Controllers\Investors))
#7 C:\laragon\www\blankpage\system\CodeIgniter.php(318): CodeIgniter\CodeIgniter->handleRequest(NULL, Object(Config\Cache), false)
#8 C:\laragon\www\blankpage\public\index.php(37): CodeIgniter\CodeIgniter->run()
#9 C:\laragon\www\blankpage\system\Commands\Server\rewrite.php(43): require_once('C:\\laragon\\www\\...')
#10 {main}
CRITICAL - 2021-12-25 12:29:33 --> Undefined variable: menucontent
#0 C:\laragon\www\blankpage\app\Views\investors\admin_content_editor.php(47): CodeIgniter\Debug\Exceptions->errorHandler(8, 'Undefined varia...', 'C:\\laragon\\www\\...', 47, Array)
#1 C:\laragon\www\blankpage\system\View\View.php(214): include('C:\\laragon\\www\\...')
#2 C:\laragon\www\blankpage\system\View\View.php(217): CodeIgniter\View\View->CodeIgniter\View\{closure}()
#3 C:\laragon\www\blankpage\system\Common.php(1097): CodeIgniter\View\View->render('investors/admin...', Array, true)
#4 C:\laragon\www\blankpage\app\Controllers\Investors.php(70): view('investors/admin...', Array)
#5 C:\laragon\www\blankpage\system\CodeIgniter.php(824): App\Controllers\Investors->content_editor('1')
#6 C:\laragon\www\blankpage\system\CodeIgniter.php(410): CodeIgniter\CodeIgniter->runController(Object(App\Controllers\Investors))
#7 C:\laragon\www\blankpage\system\CodeIgniter.php(318): CodeIgniter\CodeIgniter->handleRequest(NULL, Object(Config\Cache), false)
#8 C:\laragon\www\blankpage\public\index.php(37): CodeIgniter\CodeIgniter->run()
#9 C:\laragon\www\blankpage\system\Commands\Server\rewrite.php(43): require_once('C:\\laragon\\www\\...')
#10 {main}
CRITICAL - 2021-12-25 12:30:48 --> Undefined variable: menufront_id
#0 C:\laragon\www\blankpage\app\Views\investors\admin_content_editor.php(27): CodeIgniter\Debug\Exceptions->errorHandler(8, 'Undefined varia...', 'C:\\laragon\\www\\...', 27, Array)
#1 C:\laragon\www\blankpage\system\View\View.php(214): include('C:\\laragon\\www\\...')
#2 C:\laragon\www\blankpage\system\View\View.php(217): CodeIgniter\View\View->CodeIgniter\View\{closure}()
#3 C:\laragon\www\blankpage\system\Common.php(1097): CodeIgniter\View\View->render('investors/admin...', Array, true)
#4 C:\laragon\www\blankpage\app\Controllers\Investors.php(76): view('investors/admin...', Array)
#5 C:\laragon\www\blankpage\system\CodeIgniter.php(824): App\Controllers\Investors->content_editor_edit('10')
#6 C:\laragon\www\blankpage\system\CodeIgniter.php(410): CodeIgniter\CodeIgniter->runController(Object(App\Controllers\Investors))
#7 C:\laragon\www\blankpage\system\CodeIgniter.php(318): CodeIgniter\CodeIgniter->handleRequest(NULL, Object(Config\Cache), false)
#8 C:\laragon\www\blankpage\public\index.php(37): CodeIgniter\CodeIgniter->run()
#9 C:\laragon\www\blankpage\system\Commands\Server\rewrite.php(43): require_once('C:\\laragon\\www\\...')
#10 {main}
CRITICAL - 2021-12-25 12:31:20 --> Undefined variable: menufront_id
#0 C:\laragon\www\blankpage\app\Views\investors\admin_content_editor.php(41): CodeIgniter\Debug\Exceptions->errorHandler(8, 'Undefined varia...', 'C:\\laragon\\www\\...', 41, Array)
#1 C:\laragon\www\blankpage\system\View\View.php(214): include('C:\\laragon\\www\\...')
#2 C:\laragon\www\blankpage\system\View\View.php(217): CodeIgniter\View\View->CodeIgniter\View\{closure}()
#3 C:\laragon\www\blankpage\system\Common.php(1097): CodeIgniter\View\View->render('investors/admin...', Array, true)
#4 C:\laragon\www\blankpage\app\Controllers\Investors.php(76): view('investors/admin...', Array)
#5 C:\laragon\www\blankpage\system\CodeIgniter.php(824): App\Controllers\Investors->content_editor_edit('10')
#6 C:\laragon\www\blankpage\system\CodeIgniter.php(410): CodeIgniter\CodeIgniter->runController(Object(App\Controllers\Investors))
#7 C:\laragon\www\blankpage\system\CodeIgniter.php(318): CodeIgniter\CodeIgniter->handleRequest(NULL, Object(Config\Cache), false)
#8 C:\laragon\www\blankpage\public\index.php(37): CodeIgniter\CodeIgniter->run()
#9 C:\laragon\www\blankpage\system\Commands\Server\rewrite.php(43): require_once('C:\\laragon\\www\\...')
#10 {main}
CRITICAL - 2021-12-25 12:31:25 --> Undefined variable: menufront_id
#0 C:\laragon\www\blankpage\app\Views\investors\admin_content_editor.php(41): CodeIgniter\Debug\Exceptions->errorHandler(8, 'Undefined varia...', 'C:\\laragon\\www\\...', 41, Array)
#1 C:\laragon\www\blankpage\system\View\View.php(214): include('C:\\laragon\\www\\...')
#2 C:\laragon\www\blankpage\system\View\View.php(217): CodeIgniter\View\View->CodeIgniter\View\{closure}()
#3 C:\laragon\www\blankpage\system\Common.php(1097): CodeIgniter\View\View->render('investors/admin...', Array, true)
#4 C:\laragon\www\blankpage\app\Controllers\Investors.php(76): view('investors/admin...', Array)
#5 C:\laragon\www\blankpage\system\CodeIgniter.php(824): App\Controllers\Investors->content_editor_edit('10')
#6 C:\laragon\www\blankpage\system\CodeIgniter.php(410): CodeIgniter\CodeIgniter->runController(Object(App\Controllers\Investors))
#7 C:\laragon\www\blankpage\system\CodeIgniter.php(318): CodeIgniter\CodeIgniter->handleRequest(NULL, Object(Config\Cache), false)
#8 C:\laragon\www\blankpage\public\index.php(37): CodeIgniter\CodeIgniter->run()
#9 C:\laragon\www\blankpage\system\Commands\Server\rewrite.php(43): require_once('C:\\laragon\\www\\...')
#10 {main}
CRITICAL - 2021-12-25 12:31:26 --> Undefined variable: menufront_id
#0 C:\laragon\www\blankpage\app\Views\investors\admin_content_editor.php(41): CodeIgniter\Debug\Exceptions->errorHandler(8, 'Undefined varia...', 'C:\\laragon\\www\\...', 41, Array)
#1 C:\laragon\www\blankpage\system\View\View.php(214): include('C:\\laragon\\www\\...')
#2 C:\laragon\www\blankpage\system\View\View.php(217): CodeIgniter\View\View->CodeIgniter\View\{closure}()
#3 C:\laragon\www\blankpage\system\Common.php(1097): CodeIgniter\View\View->render('investors/admin...', Array, true)
#4 C:\laragon\www\blankpage\app\Controllers\Investors.php(76): view('investors/admin...', Array)
#5 C:\laragon\www\blankpage\system\CodeIgniter.php(824): App\Controllers\Investors->content_editor_edit('10')
#6 C:\laragon\www\blankpage\system\CodeIgniter.php(410): CodeIgniter\CodeIgniter->runController(Object(App\Controllers\Investors))
#7 C:\laragon\www\blankpage\system\CodeIgniter.php(318): CodeIgniter\CodeIgniter->handleRequest(NULL, Object(Config\Cache), false)
#8 C:\laragon\www\blankpage\public\index.php(37): CodeIgniter\CodeIgniter->run()
#9 C:\laragon\www\blankpage\system\Commands\Server\rewrite.php(43): require_once('C:\\laragon\\www\\...')
#10 {main}
CRITICAL - 2021-12-25 12:31:27 --> Undefined variable: menufront_id
#0 C:\laragon\www\blankpage\app\Views\investors\admin_content_editor.php(41): CodeIgniter\Debug\Exceptions->errorHandler(8, 'Undefined varia...', 'C:\\laragon\\www\\...', 41, Array)
#1 C:\laragon\www\blankpage\system\View\View.php(214): include('C:\\laragon\\www\\...')
#2 C:\laragon\www\blankpage\system\View\View.php(217): CodeIgniter\View\View->CodeIgniter\View\{closure}()
#3 C:\laragon\www\blankpage\system\Common.php(1097): CodeIgniter\View\View->render('investors/admin...', Array, true)
#4 C:\laragon\www\blankpage\app\Controllers\Investors.php(76): view('investors/admin...', Array)
#5 C:\laragon\www\blankpage\system\CodeIgniter.php(824): App\Controllers\Investors->content_editor_edit('10')
#6 C:\laragon\www\blankpage\system\CodeIgniter.php(410): CodeIgniter\CodeIgniter->runController(Object(App\Controllers\Investors))
#7 C:\laragon\www\blankpage\system\CodeIgniter.php(318): CodeIgniter\CodeIgniter->handleRequest(NULL, Object(Config\Cache), false)
#8 C:\laragon\www\blankpage\public\index.php(37): CodeIgniter\CodeIgniter->run()
#9 C:\laragon\www\blankpage\system\Commands\Server\rewrite.php(43): require_once('C:\\laragon\\www\\...')
#10 {main}
CRITICAL - 2021-12-25 13:11:40 --> Undefined index: name
#0 C:\laragon\www\blankpage\app\Views\layouts\front.php(211): CodeIgniter\Debug\Exceptions->errorHandler(8, 'Undefined index...', 'C:\\laragon\\www\\...', 211, Array)
#1 C:\laragon\www\blankpage\system\View\View.php(214): include('C:\\laragon\\www\\...')
#2 C:\laragon\www\blankpage\system\View\View.php(217): CodeIgniter\View\View->CodeIgniter\View\{closure}()
#3 C:\laragon\www\blankpage\system\View\View.php(230): CodeIgniter\View\View->render('layouts/front', Array, true)
#4 C:\laragon\www\blankpage\system\Common.php(1097): CodeIgniter\View\View->render('investors/index', Array, true)
#5 C:\laragon\www\blankpage\app\Controllers\Investors.php(16): view('investors/index', Array)
#6 C:\laragon\www\blankpage\system\CodeIgniter.php(824): App\Controllers\Investors->index()
#7 C:\laragon\www\blankpage\system\CodeIgniter.php(410): CodeIgniter\CodeIgniter->runController(Object(App\Controllers\Investors))
#8 C:\laragon\www\blankpage\system\CodeIgniter.php(318): CodeIgniter\CodeIgniter->handleRequest(NULL, Object(Config\Cache), false)
#9 C:\laragon\www\blankpage\public\index.php(37): CodeIgniter\CodeIgniter->run()
#10 C:\laragon\www\blankpage\system\Commands\Server\rewrite.php(43): require_once('C:\\laragon\\www\\...')
#11 {main}
CRITICAL - 2021-12-25 13:12:53 --> Undefined variable: menus
#0 C:\laragon\www\blankpage\app\Views\investors\index.php(52): CodeIgniter\Debug\Exceptions->errorHandler(8, 'Undefined varia...', 'C:\\laragon\\www\\...', 52, Array)
#1 C:\laragon\www\blankpage\system\View\View.php(214): include('C:\\laragon\\www\\...')
#2 C:\laragon\www\blankpage\system\View\View.php(217): CodeIgniter\View\View->CodeIgniter\View\{closure}()
#3 C:\laragon\www\blankpage\system\Common.php(1097): CodeIgniter\View\View->render('investors/index', Array, true)
#4 C:\laragon\www\blankpage\app\Controllers\Investors.php(22): view('investors/index', Array)
#5 C:\laragon\www\blankpage\system\CodeIgniter.php(824): App\Controllers\Investors->index_with_id('3')
#6 C:\laragon\www\blankpage\system\CodeIgniter.php(410): CodeIgniter\CodeIgniter->runController(Object(App\Controllers\Investors))
#7 C:\laragon\www\blankpage\system\CodeIgniter.php(318): CodeIgniter\CodeIgniter->handleRequest(NULL, Object(Config\Cache), false)
#8 C:\laragon\www\blankpage\public\index.php(37): CodeIgniter\CodeIgniter->run()
#9 C:\laragon\www\blankpage\system\Commands\Server\rewrite.php(43): require_once('C:\\laragon\\www\\...')
#10 {main}
CRITICAL - 2021-12-25 23:50:36 --> Undefined offset: 0
#0 C:\laragon\www\blankpage\app\Controllers\Investors.php(14): CodeIgniter\Debug\Exceptions->errorHandler(8, 'Undefined offse...', 'C:\\laragon\\www\\...', 14, Array)
#1 C:\laragon\www\blankpage\system\CodeIgniter.php(824): App\Controllers\Investors->index()
#2 C:\laragon\www\blankpage\system\CodeIgniter.php(410): CodeIgniter\CodeIgniter->runController(Object(App\Controllers\Investors))
#3 C:\laragon\www\blankpage\system\CodeIgniter.php(318): CodeIgniter\CodeIgniter->handleRequest(NULL, Object(Config\Cache), false)
#4 C:\laragon\www\blankpage\public\index.php(37): CodeIgniter\CodeIgniter->run()
#5 C:\laragon\www\blankpage\system\Commands\Server\rewrite.php(43): require_once('C:\\laragon\\www\\...')
#6 {main}
