CRITICAL - 2021-12-24 04:03:53 --> Invalid file: layouts/front.php
#0 C:\laragon\www\blankpage\system\View\View.php(198): CodeIgniter\Exceptions\FrameworkException::forInvalidFile('layouts/front.p...')
#1 C:\laragon\www\blankpage\system\Common.php(1097): CodeIgniter\View\View->render('layouts/front', Array, true)
#2 C:\laragon\www\blankpage\app\Controllers\Home.php(9): view('layouts/front')
#3 C:\laragon\www\blankpage\system\CodeIgniter.php(824): App\Controllers\Home->index()
#4 C:\laragon\www\blankpage\system\CodeIgniter.php(410): CodeIgniter\CodeIgniter->runController(Object(App\Controllers\Home))
#5 C:\laragon\www\blankpage\system\CodeIgniter.php(318): CodeIgniter\CodeIgniter->handleRequest(NULL, Object(Config\Cache), false)
#6 C:\laragon\www\blankpage\public\index.php(37): CodeIgniter\CodeIgniter->run()
#7 C:\laragon\www\blankpage\system\Commands\Server\rewrite.php(43): require_once('C:\\laragon\\www\\...')
#8 {main}
ERROR - 2021-12-24 08:37:42 --> Cannot add foreign key constraint
CRITICAL - 2021-12-24 09:22:29 --> Too few arguments to function App\Controllers\Investors::index(), 0 passed in C:\laragon\www\blankpage\system\CodeIgniter.php on line 824 and exactly 1 expected
#0 C:\laragon\www\blankpage\system\CodeIgniter.php(824): App\Controllers\Investors->index()
#1 C:\laragon\www\blankpage\system\CodeIgniter.php(410): CodeIgniter\CodeIgniter->runController(Object(App\Controllers\Investors))
#2 C:\laragon\www\blankpage\system\CodeIgniter.php(318): CodeIgniter\CodeIgniter->handleRequest(NULL, Object(Config\Cache), false)
#3 C:\laragon\www\blankpage\public\index.php(37): CodeIgniter\CodeIgniter->run()
#4 C:\laragon\www\blankpage\system\Commands\Server\rewrite.php(43): require_once('C:\\laragon\\www\\...')
#5 {main}
CRITICAL - 2021-12-24 09:22:51 --> Too few arguments to function App\Controllers\Investors::index(), 0 passed in C:\laragon\www\blankpage\system\CodeIgniter.php on line 824 and exactly 1 expected
#0 C:\laragon\www\blankpage\system\CodeIgniter.php(824): App\Controllers\Investors->index()
#1 C:\laragon\www\blankpage\system\CodeIgniter.php(410): CodeIgniter\CodeIgniter->runController(Object(App\Controllers\Investors))
#2 C:\laragon\www\blankpage\system\CodeIgniter.php(318): CodeIgniter\CodeIgniter->handleRequest(NULL, Object(Config\Cache), false)
#3 C:\laragon\www\blankpage\public\index.php(37): CodeIgniter\CodeIgniter->run()
#4 C:\laragon\www\blankpage\system\Commands\Server\rewrite.php(43): require_once('C:\\laragon\\www\\...')
#5 {main}
CRITICAL - 2021-12-24 09:23:13 --> Undefined variable: id
#0 C:\laragon\www\blankpage\app\Views\layout\front.php(333): CodeIgniter\Debug\Exceptions->errorHandler(8, 'Undefined varia...', 'C:\\laragon\\www\\...', 333, Array)
#1 C:\laragon\www\blankpage\system\View\View.php(214): include('C:\\laragon\\www\\...')
#2 C:\laragon\www\blankpage\system\View\View.php(217): CodeIgniter\View\View->CodeIgniter\View\{closure}()
#3 C:\laragon\www\blankpage\system\Common.php(1097): CodeIgniter\View\View->render('layout/front', Array, true)
#4 C:\laragon\www\blankpage\app\Controllers\Investors.php(9): view('layout/front')
#5 C:\laragon\www\blankpage\system\CodeIgniter.php(824): App\Controllers\Investors->index()
#6 C:\laragon\www\blankpage\system\CodeIgniter.php(410): CodeIgniter\CodeIgniter->runController(Object(App\Controllers\Investors))
#7 C:\laragon\www\blankpage\system\CodeIgniter.php(318): CodeIgniter\CodeIgniter->handleRequest(NULL, Object(Config\Cache), false)
#8 C:\laragon\www\blankpage\public\index.php(37): CodeIgniter\CodeIgniter->run()
#9 C:\laragon\www\blankpage\system\Commands\Server\rewrite.php(43): require_once('C:\\laragon\\www\\...')
#10 {main}
CRITICAL - 2021-12-24 09:23:39 --> Too few arguments to function App\Controllers\Investors::index(), 0 passed in C:\laragon\www\blankpage\system\CodeIgniter.php on line 824 and exactly 1 expected
#0 C:\laragon\www\blankpage\system\CodeIgniter.php(824): App\Controllers\Investors->index()
#1 C:\laragon\www\blankpage\system\CodeIgniter.php(410): CodeIgniter\CodeIgniter->runController(Object(App\Controllers\Investors))
#2 C:\laragon\www\blankpage\system\CodeIgniter.php(318): CodeIgniter\CodeIgniter->handleRequest(NULL, Object(Config\Cache), false)
#3 C:\laragon\www\blankpage\public\index.php(37): CodeIgniter\CodeIgniter->run()
#4 C:\laragon\www\blankpage\system\Commands\Server\rewrite.php(43): require_once('C:\\laragon\\www\\...')
#5 {main}
CRITICAL - 2021-12-24 09:24:56 --> Undefined variable: id
#0 C:\laragon\www\blankpage\app\Views\layout\front.php(333): CodeIgniter\Debug\Exceptions->errorHandler(8, 'Undefined varia...', 'C:\\laragon\\www\\...', 333, Array)
#1 C:\laragon\www\blankpage\system\View\View.php(214): include('C:\\laragon\\www\\...')
#2 C:\laragon\www\blankpage\system\View\View.php(217): CodeIgniter\View\View->CodeIgniter\View\{closure}()
#3 C:\laragon\www\blankpage\system\Common.php(1097): CodeIgniter\View\View->render('layout/front', Array, true)
#4 C:\laragon\www\blankpage\app\Controllers\Investors.php(10): view('layout/front', Array)
#5 C:\laragon\www\blankpage\system\CodeIgniter.php(824): App\Controllers\Investors->index()
#6 C:\laragon\www\blankpage\system\CodeIgniter.php(410): CodeIgniter\CodeIgniter->runController(Object(App\Controllers\Investors))
#7 C:\laragon\www\blankpage\system\CodeIgniter.php(318): CodeIgniter\CodeIgniter->handleRequest(NULL, Object(Config\Cache), false)
#8 C:\laragon\www\blankpage\public\index.php(37): CodeIgniter\CodeIgniter->run()
#9 C:\laragon\www\blankpage\system\Commands\Server\rewrite.php(43): require_once('C:\\laragon\\www\\...')
#10 {main}
CRITICAL - 2021-12-24 22:50:44 --> Invalid file: layouts/front.php
#0 C:\laragon\www\blankpage\system\View\View.php(198): CodeIgniter\Exceptions\FrameworkException::forInvalidFile('layouts/front.p...')
#1 C:\laragon\www\blankpage\system\View\View.php(230): CodeIgniter\View\View->render('layouts/front', Array, true)
#2 C:\laragon\www\blankpage\system\Common.php(1097): CodeIgniter\View\View->render('investors', Array, true)
#3 C:\laragon\www\blankpage\app\Controllers\Investors.php(17): view('investors', Array)
#4 C:\laragon\www\blankpage\system\CodeIgniter.php(824): App\Controllers\Investors->index_with_id('1')
#5 C:\laragon\www\blankpage\system\CodeIgniter.php(410): CodeIgniter\CodeIgniter->runController(Object(App\Controllers\Investors))
#6 C:\laragon\www\blankpage\system\CodeIgniter.php(318): CodeIgniter\CodeIgniter->handleRequest(NULL, Object(Config\Cache), false)
#7 C:\laragon\www\blankpage\public\index.php(37): CodeIgniter\CodeIgniter->run()
#8 C:\laragon\www\blankpage\system\Commands\Server\rewrite.php(43): require_once('C:\\laragon\\www\\...')
#9 {main}
CRITICAL - 2021-12-24 23:18:54 --> Invalid file: investors.php
#0 C:\laragon\www\blankpage\system\View\View.php(198): CodeIgniter\Exceptions\FrameworkException::forInvalidFile('investors.php')
#1 C:\laragon\www\blankpage\system\Common.php(1097): CodeIgniter\View\View->render('investors', Array, true)
#2 C:\laragon\www\blankpage\app\Controllers\Investors.php(17): view('investors', Array)
#3 C:\laragon\www\blankpage\system\CodeIgniter.php(824): App\Controllers\Investors->index_with_id('1')
#4 C:\laragon\www\blankpage\system\CodeIgniter.php(410): CodeIgniter\CodeIgniter->runController(Object(App\Controllers\Investors))
#5 C:\laragon\www\blankpage\system\CodeIgniter.php(318): CodeIgniter\CodeIgniter->handleRequest(NULL, Object(Config\Cache), false)
#6 C:\laragon\www\blankpage\public\index.php(37): CodeIgniter\CodeIgniter->run()
#7 C:\laragon\www\blankpage\system\Commands\Server\rewrite.php(43): require_once('C:\\laragon\\www\\...')
#8 {main}
